<?xml version="1.0" encoding="UTF-8"?>
<testng-results skipped="0" failed="0" ignored="0" total="1" passed="1">
  <reporter-output>
  </reporter-output>
  <suite name="Default suite" duration-ms="1793" started-at="2019-01-16T08:59:58Z" finished-at="2019-01-16T09:00:00Z">
    <groups>
    </groups>
    <test name="Default test" duration-ms="1793" started-at="2019-01-16T08:59:58Z" finished-at="2019-01-16T09:00:00Z">
      <class name="Test.TestSSH">
        <test-method status="PASS" signature="testCase()[pri:0, instance:Test.TestSSH@2b6faea6]" name="testCase" duration-ms="1644" started-at="2019-01-16T08:59:58Z" finished-at="2019-01-16T09:00:00Z">
          <reporter-output>
          </reporter-output>
        </test-method> <!-- testCase -->
      </class> <!-- Test.TestSSH -->
    </test> <!-- Default test -->
  </suite> <!-- Default suite -->
</testng-results>
